app/build/outputs/logs/manifest-merger-debug-report.txt
-- Merging decision tree log ---
manifest
ADDED from src\main\AndroidManifest.xml:2:1-52:12
	package
		ADDED from src\main\AndroidManifest.xml:3:5-32
		INJECTED from src\main\AndroidManifest.xml
		INJECTED from src\main\AndroidManifest.xml
	android:versionName
		ADDED from src\main\AndroidManifest.xml:5:5-30
		INJECTED from src\main\AndroidManifest.xml
		INJECTED from src\main\AndroidManifest.xml
	android:versionCode
		ADDED from src\main\AndroidManifest.xml:4:5-28
		INJECTED from src\main\AndroidManifest.xml
		INJECTED from src\main\AndroidManifest.xml
	xmlns:android
		ADDED from src\main\AndroidManifest.xml:2:11-69
uses-sdk
ADDED from src\main\AndroidManifest.xml:7:5-9:41
	android:targetSdkVersion
		ADDED from src\main\AndroidManifest.xml:9:9-38
		INJECTED from src\main\AndroidManifest.xml
		INJECTED from src\main\AndroidManifest.xml
	android:minSdkVersion
		ADDED from src\main\AndroidManifest.xml:8:9-34
		INJECTED from src\main\AndroidManifest.xml
		INJECTED from src\main\AndroidManifest.xml
application
ADDED from src\main\AndroidManifest.xml:11:5-50:19
	android:label
		ADDED from src\main\AndroidManifest.xml:14:9-38
	android:allowBackup
		ADDED from src\main\AndroidManifest.xml:12:9-35
	android:icon
		ADDED from src\main\AndroidManifest.xml:13:9-39
	android:theme
		ADDED from src\main\AndroidManifest.xml:15:9-40
activity#com.example.utara.SplashScreen
ADDED from src\main\AndroidManifest.xml:18:9-22:20
	android:screenOrientation
		ADDED from src\main\AndroidManifest.xml:18:149-186
	android:label
		ADDED from src\main\AndroidManifest.xml:18:65-94
	android:theme
		ADDED from src\main\AndroidManifest.xml:18:95-148
	android:name
		ADDED from src\main\AndroidManifest.xml:18:19-64
intent-filter#android.intent.action.MAIN+android.intent.category.LAUNCHER
ADDED from src\main\AndroidManifest.xml:18:187-21:29
action#android.intent.action.MAIN
ADDED from src\main\AndroidManifest.xml:19:17-69
	android:name
		ADDED from src\main\AndroidManifest.xml:19:25-66
category#android.intent.category.LAUNCHER
ADDED from src\main\AndroidManifest.xml:20:17-77
	android:name
		ADDED from src\main\AndroidManifest.xml:20:27-74
activity#com.example.utara.SplashScreen5
ADDED from src\main\AndroidManifest.xml:22:20-23:20
	android:screenOrientation
		ADDED from src\main\AndroidManifest.xml:22:161-198
	android:label
		ADDED from src\main\AndroidManifest.xml:22:77-106
	android:theme
		ADDED from src\main\AndroidManifest.xml:22:107-160
	android:name
		ADDED from src\main\AndroidManifest.xml:22:30-76
activity#com.example.utara.SplashScreen4
ADDED from src\main\AndroidManifest.xml:29:9-34:20
	android:screenOrientation
		ADDED from src\main\AndroidManifest.xml:33:13-50
	android:label
		ADDED from src\main\AndroidManifest.xml:31:13-42
	android:theme
		ADDED from src\main\AndroidManifest.xml:32:13-66
	android:name
		ADDED from src\main\AndroidManifest.xml:30:13-59
activity#com.example.utara.Home
ADDED from src\main\AndroidManifest.xml:42:6-157
	android:screenOrientation
		ADDED from src\main\AndroidManifest.xml:42:54-91
	android:theme
		ADDED from src\main\AndroidManifest.xml:42:92-145
	android:name
		ADDED from src\main\AndroidManifest.xml:42:16-53
activity#com.example.utara.MainActivity
ADDED from src\main\AndroidManifest.xml:43:9-168
	android:screenOrientation
		ADDED from src\main\AndroidManifest.xml:43:65-102
	android:theme
		ADDED from src\main\AndroidManifest.xml:43:103-156
	android:name
		ADDED from src\main\AndroidManifest.xml:43:19-64